2024-07-02 10:28:06,444 ERROR    root            (gcloud) Command name argument expected.
2024-07-02 10:28:06,485 DEBUG    root            Loaded Command Group: ['gcloud', 'deployment_manager']
2024-07-02 10:28:06,578 DEBUG    root            No implementation for release track [GA] for element: [/mnt/c/Users/mirco/AppData/Local/Google/Cloud SDK/google-cloud-sdk/lib/surface/seclm]
2024-07-02 10:28:06,615 DEBUG    root            No implementation for release track [GA] for element: [/mnt/c/Users/mirco/AppData/Local/Google/Cloud SDK/google-cloud-sdk/lib/surface/microservices]
2024-07-02 10:28:06,656 DEBUG    root            Loaded Command Group: ['gcloud', 'apigee']
2024-07-02 10:28:07,233 DEBUG    root            Loaded Command Group: ['gcloud', 'survey']
2024-07-02 10:28:07,269 DEBUG    root            Loaded Command Group: ['gcloud', 'secrets']
2024-07-02 10:28:07,380 DEBUG    root            No implementation for release track [GA] for element: [/mnt/c/Users/mirco/AppData/Local/Google/Cloud SDK/google-cloud-sdk/lib/surface/source_manager]
2024-07-02 10:28:07,415 DEBUG    root            Loaded Command Group: ['gcloud', 'version']
2024-07-02 10:28:07,455 DEBUG    root            Loaded Command Group: ['gcloud', 'config']
2024-07-02 10:28:07,535 DEBUG    root            No implementation for release track [GA] for element: [/mnt/c/Users/mirco/AppData/Local/Google/Cloud SDK/google-cloud-sdk/lib/surface/dataproc_gdc]
2024-07-02 10:28:07,571 DEBUG    root            No implementation for release track [GA] for element: [/mnt/c/Users/mirco/AppData/Local/Google/Cloud SDK/google-cloud-sdk/lib/surface/developer_connect]
2024-07-02 10:28:07,606 DEBUG    root            Loaded Command Group: ['gcloud', 'anthos']
2024-07-02 10:28:07,687 DEBUG    root            Loaded Command Group: ['gcloud', 'service_extensions']
2024-07-02 10:28:07,773 DEBUG    root            Loaded Command Group: ['gcloud', 'firebase']
2024-07-02 10:28:07,831 DEBUG    root            Loaded Command Group: ['gcloud', 'spanner']
2024-07-02 10:28:08,041 DEBUG    root            No implementation for release track [GA] for element: [/mnt/c/Users/mirco/AppData/Local/Google/Cloud SDK/google-cloud-sdk/lib/surface/runtime_config]
2024-07-02 10:28:08,080 DEBUG    root            Loaded Command Group: ['gcloud', 'netapp']
2024-07-02 10:28:08,181 DEBUG    root            Loaded Command Group: ['gcloud', 'publicca']
2024-07-02 10:28:09,660 DEBUG    root            Loaded Command Group: ['gcloud', 'init']
2024-07-02 10:28:09,697 DEBUG    root            Loaded Command Group: ['gcloud', 'components']
2024-07-02 10:28:09,777 DEBUG    root            Loaded Command Group: ['gcloud', 'source']
2024-07-02 10:28:09,851 DEBUG    root            Loaded Command Group: ['gcloud', 'policy_troubleshoot']
2024-07-02 10:28:09,922 DEBUG    root            Loaded Command Group: ['gcloud', 'datastore']
2024-07-02 10:28:10,002 DEBUG    root            Loaded Command Group: ['gcloud', 'access_context_manager']
2024-07-02 10:28:10,096 DEBUG    root            Loaded Command Group: ['gcloud', 'ai']
2024-07-02 10:28:10,233 DEBUG    root            Loaded Command Group: ['gcloud', 'data_catalog']
2024-07-02 10:28:12,321 DEBUG    root            Loaded Command Group: ['gcloud', 'compute']
2024-07-02 10:28:12,837 DEBUG    root            Loaded Command Group: ['gcloud', 'edge_cache']
2024-07-02 10:28:12,898 DEBUG    root            Loaded Command Group: ['gcloud', 'asset']
2024-07-02 10:28:12,985 DEBUG    root            Loaded Command Group: ['gcloud', 'filestore']
2024-07-02 10:28:13,078 DEBUG    root            Loaded Command Group: ['gcloud', 'notebooks']
2024-07-02 10:28:13,158 DEBUG    root            Loaded Command Group: ['gcloud', 'projects']
2024-07-02 10:28:13,257 DEBUG    root            Loaded Command Group: ['gcloud', 'batch']
2024-07-02 10:28:13,322 DEBUG    root            Loaded Command Group: ['gcloud', 'sql']
2024-07-02 10:28:13,435 DEBUG    root            Loaded Command Group: ['gcloud', 'workstations']
2024-07-02 10:28:13,508 DEBUG    root            Loaded Command Group: ['gcloud', 'scc']
2024-07-02 10:28:13,624 DEBUG    root            Loaded Command Group: ['gcloud', 'memcache']
2024-07-02 10:28:13,680 DEBUG    root            Loaded Command Group: ['gcloud', 'iap']
2024-07-02 10:28:14,228 DEBUG    root            Loaded Command Group: ['gcloud', 'storage']
2024-07-02 10:28:14,357 DEBUG    root            Loaded Command Group: ['gcloud', 'eventarc']
2024-07-02 10:28:14,462 DEBUG    root            Loaded Command Group: ['gcloud', 'infra_manager']
2024-07-02 10:28:14,546 DEBUG    root            No implementation for release track [GA] for element: [/mnt/c/Users/mirco/AppData/Local/Google/Cloud SDK/google-cloud-sdk/lib/surface/commerce_procurement]
2024-07-02 10:28:14,670 DEBUG    root            Loaded Command Group: ['gcloud', 'feedback']
2024-07-02 10:28:14,708 DEBUG    root            Loaded Command Group: ['gcloud', 'datastream']
2024-07-02 10:28:14,808 DEBUG    root            No implementation for release track [GA] for element: [/mnt/c/Users/mirco/AppData/Local/Google/Cloud SDK/google-cloud-sdk/lib/surface/orglifecycle]
2024-07-02 10:28:15,957 DEBUG    root            Loaded Command Group: ['gcloud', 'builds']
2024-07-02 10:28:16,080 DEBUG    root            Loaded Command Group: ['gcloud', 'bms']
2024-07-02 10:28:16,192 DEBUG    root            No implementation for release track [GA] for element: [/mnt/c/Users/mirco/AppData/Local/Google/Cloud SDK/google-cloud-sdk/lib/surface/parallelstore]
2024-07-02 10:28:16,229 DEBUG    root            Loaded Command Group: ['gcloud', 'access_approval']
2024-07-02 10:28:16,300 DEBUG    root            No implementation for release track [GA] for element: [/mnt/c/Users/mirco/AppData/Local/Google/Cloud SDK/google-cloud-sdk/lib/surface/blockchain_node_engine]
2024-07-02 10:28:16,338 DEBUG    root            Loaded Command Group: ['gcloud', 'edge_cloud']
2024-07-02 10:28:16,397 DEBUG    root            Loaded Command Group: ['gcloud', 'meta']
2024-07-02 10:28:16,516 DEBUG    root            Loaded Command Group: ['gcloud', 'firestore']
2024-07-02 10:28:16,593 DEBUG    root            Loaded Command Group: ['gcloud', 'healthcare']
2024-07-02 10:28:16,674 DEBUG    root            Loaded Command Group: ['gcloud', 'endpoints']
2024-07-02 10:28:16,743 DEBUG    root            No implementation for release track [GA] for element: [/mnt/c/Users/mirco/AppData/Local/Google/Cloud SDK/google-cloud-sdk/lib/surface/managed_kafka]
2024-07-02 10:28:16,775 DEBUG    root            No implementation for release track [GA] for element: [/mnt/c/Users/mirco/AppData/Local/Google/Cloud SDK/google-cloud-sdk/lib/surface/remote_build_execution]
2024-07-02 10:28:16,808 DEBUG    root            No implementation for release track [GA] for element: [/mnt/c/Users/mirco/AppData/Local/Google/Cloud SDK/google-cloud-sdk/lib/surface/resource_config]
2024-07-02 10:28:16,841 DEBUG    root            Loaded Command Group: ['gcloud', 'tasks']
2024-07-02 10:28:16,932 DEBUG    root            No implementation for release track [GA] for element: [/mnt/c/Users/mirco/AppData/Local/Google/Cloud SDK/google-cloud-sdk/lib/surface/dlp]
2024-07-02 10:28:16,962 DEBUG    root            No implementation for release track [GA] for element: [/mnt/c/Users/mirco/AppData/Local/Google/Cloud SDK/google-cloud-sdk/lib/surface/dialogflow]
2024-07-02 10:28:16,993 DEBUG    root            No implementation for release track [GA] for element: [/mnt/c/Users/mirco/AppData/Local/Google/Cloud SDK/google-cloud-sdk/lib/surface/migration]
2024-07-02 10:28:17,024 DEBUG    root            Loaded Command Group: ['gcloud', 'transcoder']
2024-07-02 10:28:17,080 DEBUG    root            Loaded Command Group: ['gcloud', 'billing']
2024-07-02 10:28:17,144 DEBUG    root            Loaded Command Group: ['gcloud', 'organizations']
2024-07-02 10:28:17,209 DEBUG    root            Loaded Command Group: ['gcloud', 'ids']
2024-07-02 10:28:17,267 DEBUG    root            No implementation for release track [GA] for element: [/mnt/c/Users/mirco/AppData/Local/Google/Cloud SDK/google-cloud-sdk/lib/surface/datapipelines]
2024-07-02 10:28:17,302 DEBUG    root            Loaded Command Group: ['gcloud', 'org_policies']
2024-07-02 10:28:17,369 DEBUG    root            Loaded Command Group: ['gcloud', 'cheat_sheet']
2024-07-02 10:28:17,401 DEBUG    root            No implementation for release track [GA] for element: [/mnt/c/Users/mirco/AppData/Local/Google/Cloud SDK/google-cloud-sdk/lib/surface/pam]
2024-07-02 10:28:17,432 DEBUG    root            No implementation for release track [GA] for element: [/mnt/c/Users/mirco/AppData/Local/Google/Cloud SDK/google-cloud-sdk/lib/surface/bq]
2024-07-02 10:28:17,462 DEBUG    root            Loaded Command Group: ['gcloud', 'auth']
2024-07-02 10:28:17,547 DEBUG    root            No implementation for release track [GA] for element: [/mnt/c/Users/mirco/AppData/Local/Google/Cloud SDK/google-cloud-sdk/lib/surface/genomics]
2024-07-02 10:28:21,860 DEBUG    root            No implementation for release track [GA] for element: [/mnt/c/Users/mirco/AppData/Local/Google/Cloud SDK/google-cloud-sdk/lib/surface/interactive]
2024-07-02 10:28:21,897 DEBUG    root            Loaded Command Group: ['gcloud', 'backup_dr']
2024-07-02 10:28:21,993 DEBUG    root            Loaded Command Group: ['gcloud', 'looker']
2024-07-02 10:28:22,069 DEBUG    root            Loaded Command Group: ['gcloud', 'logging']
2024-07-02 10:28:22,198 DEBUG    root            Loaded Command Group: ['gcloud', 'topic']
2024-07-02 10:28:22,293 DEBUG    root            Loaded Command Group: ['gcloud', 'workflows']
2024-07-02 10:28:22,366 DEBUG    root            Loaded Command Group: ['gcloud', 'service_directory']
2024-07-02 10:28:22,439 DEBUG    root            Loaded Command Group: ['gcloud', 'workspace_add_ons']
2024-07-02 10:28:22,500 DEBUG    root            Loaded Command Group: ['gcloud', 'dns']
2024-07-02 10:28:22,600 DEBUG    root            Loaded Command Group: ['gcloud', 'unlock']
2024-07-02 10:28:22,637 DEBUG    root            Loaded Command Group: ['gcloud', 'privateca']
2024-07-02 10:28:22,729 DEBUG    root            No implementation for release track [GA] for element: [/mnt/c/Users/mirco/AppData/Local/Google/Cloud SDK/google-cloud-sdk/lib/surface/media]
2024-07-02 10:28:22,763 DEBUG    root            Loaded Command Group: ['gcloud', 'telco_automation']
2024-07-02 10:28:22,825 DEBUG    root            Loaded Command Group: ['gcloud', 'emulators']
2024-07-02 10:28:22,903 DEBUG    root            No implementation for release track [GA] for element: [/mnt/c/Users/mirco/AppData/Local/Google/Cloud SDK/google-cloud-sdk/lib/surface/fault_injection]
2024-07-02 10:28:22,984 DEBUG    root            Loaded Command Group: ['gcloud', 'info']
2024-07-02 10:28:23,247 DEBUG    root            Loaded Command Group: ['gcloud', 'help']
2024-07-02 10:28:23,285 DEBUG    root            Loaded Command Group: ['gcloud', 'cloud_shell']
2024-07-02 10:28:23,345 DEBUG    root            No implementation for release track [GA] for element: [/mnt/c/Users/mirco/AppData/Local/Google/Cloud SDK/google-cloud-sdk/lib/surface/data_fusion]
2024-07-02 10:28:23,379 DEBUG    root            Loaded Command Group: ['gcloud', 'resource_manager']
2024-07-02 10:28:23,465 DEBUG    root            Loaded Command Group: ['gcloud', 'workbench']
2024-07-02 10:28:23,523 DEBUG    root            No implementation for release track [GA] for element: [/mnt/c/Users/mirco/AppData/Local/Google/Cloud SDK/google-cloud-sdk/lib/surface/beyondcorp]
2024-07-02 10:28:23,558 DEBUG    root            No implementation for release track [GA] for element: [/mnt/c/Users/mirco/AppData/Local/Google/Cloud SDK/google-cloud-sdk/lib/surface/error_reporting]
2024-07-02 10:28:23,594 DEBUG    root            Loaded Command Group: ['gcloud', 'deploy']
2024-07-02 10:28:23,888 DEBUG    root            Loaded Command Group: ['gcloud', 'functions']
2024-07-02 10:28:24,001 DEBUG    root            Loaded Command Group: ['gcloud', 'identity']
2024-07-02 10:28:24,911 DEBUG    root            Loaded Command Group: ['gcloud', 'ai_platform']
2024-07-02 10:28:25,007 DEBUG    root            No implementation for release track [GA] for element: [/mnt/c/Users/mirco/AppData/Local/Google/Cloud SDK/google-cloud-sdk/lib/surface/blockchain_validator]
2024-07-02 10:28:25,042 DEBUG    root            Loaded Command Group: ['gcloud', 'alloydb']
2024-07-02 10:28:25,123 DEBUG    root            Loaded Command Group: ['gcloud', 'pubsub']
2024-07-02 10:28:25,225 DEBUG    root            No implementation for release track [GA] for element: [/mnt/c/Users/mirco/AppData/Local/Google/Cloud SDK/google-cloud-sdk/lib/surface/web_security_scanner]
2024-07-02 10:28:25,259 DEBUG    root            Loaded Command Group: ['gcloud', 'network_management']
2024-07-02 10:28:25,325 DEBUG    root            No implementation for release track [GA] for element: [/mnt/c/Users/mirco/AppData/Local/Google/Cloud SDK/google-cloud-sdk/lib/surface/managed_flink]
2024-07-02 10:28:25,359 DEBUG    root            Loaded Command Group: ['gcloud', 'metastore']
2024-07-02 10:28:25,436 DEBUG    root            Loaded Command Group: ['gcloud', 'authz_toolkit']
2024-07-02 10:28:25,699 DEBUG    root            No implementation for release track [GA] for element: [/mnt/c/Users/mirco/AppData/Local/Google/Cloud SDK/google-cloud-sdk/lib/surface/stacks]
2024-07-02 10:28:25,733 DEBUG    root            Loaded Command Group: ['gcloud', 'redis']
2024-07-02 10:28:25,814 DEBUG    root            Loaded Command Group: ['gcloud', 'assured']
2024-07-02 10:28:25,880 DEBUG    root            No implementation for release track [GA] for element: [/mnt/c/Users/mirco/AppData/Local/Google/Cloud SDK/google-cloud-sdk/lib/surface/terraform]
2024-07-02 10:28:25,915 DEBUG    root            Loaded Command Group: ['gcloud', 'dataplex']
2024-07-02 10:28:26,054 DEBUG    root            Loaded Command Group: ['gcloud', 'certificate_manager']
2024-07-02 10:28:26,145 DEBUG    root            Loaded Command Group: ['gcloud', 'app']
2024-07-02 10:28:26,293 DEBUG    root            No implementation for release track [GA] for element: [/mnt/c/Users/mirco/AppData/Local/Google/Cloud SDK/google-cloud-sdk/lib/surface/cbrs_spectrum_access]
2024-07-02 10:28:26,331 DEBUG    root            Loaded Command Group: ['gcloud', 'recommender']
2024-07-02 10:28:26,432 DEBUG    root            Loaded Command Group: ['gcloud', 'resource_settings']
2024-07-02 10:28:26,496 DEBUG    root            No implementation for release track [GA] for element: [/mnt/c/Users/mirco/AppData/Local/Google/Cloud SDK/google-cloud-sdk/lib/surface/quotas]
2024-07-02 10:28:26,531 DEBUG    root            Loaded Command Group: ['gcloud', 'network_connectivity']
2024-07-02 10:28:26,629 DEBUG    root            Loaded Command Group: ['gcloud', 'policy_intelligence']
2024-07-02 10:28:26,691 DEBUG    root            Loaded Command Group: ['gcloud', 'composer']
2024-07-02 10:28:26,754 DEBUG    root            Loaded Command Group: ['gcloud', 'run']
2024-07-02 10:28:26,866 DEBUG    root            Loaded Command Group: ['gcloud', 'kms']
2024-07-02 10:28:26,986 DEBUG    root            No implementation for release track [GA] for element: [/mnt/c/Users/mirco/AppData/Local/Google/Cloud SDK/google-cloud-sdk/lib/surface/audit_manager]
2024-07-02 10:28:27,023 DEBUG    root            Loaded Command Group: ['gcloud', 'api_gateway']
2024-07-02 10:28:27,096 DEBUG    root            Loaded Command Group: ['gcloud', 'artifacts']
2024-07-02 10:28:27,257 DEBUG    root            No implementation for release track [GA] for element: [/mnt/c/Users/mirco/AppData/Local/Google/Cloud SDK/google-cloud-sdk/lib/surface/kuberun]
2024-07-02 10:28:27,294 DEBUG    root            Loaded Command Group: ['gcloud', 'dataflow']
2024-07-02 10:28:27,388 DEBUG    root            Loaded Command Group: ['gcloud', 'transfer']
2024-07-02 10:28:27,493 DEBUG    root            Loaded Command Group: ['gcloud', 'ml']
2024-07-02 10:28:27,579 DEBUG    root            No implementation for release track [GA] for element: [/mnt/c/Users/mirco/AppData/Local/Google/Cloud SDK/google-cloud-sdk/lib/surface/lifesciences]
2024-07-02 10:28:27,616 DEBUG    root            Loaded Command Group: ['gcloud', 'active_directory']
2024-07-02 10:28:27,684 DEBUG    root            Loaded Command Group: ['gcloud', 'vmware']
2024-07-02 10:28:27,886 DEBUG    root            Loaded Command Group: ['gcloud', 'docker']
2024-07-02 10:28:27,923 DEBUG    root            No implementation for release track [GA] for element: [/mnt/c/Users/mirco/AppData/Local/Google/Cloud SDK/google-cloud-sdk/lib/surface/number_registry]
2024-07-02 10:28:27,961 DEBUG    root            Loaded Command Group: ['gcloud', 'dataproc']
2024-07-02 10:28:28,073 DEBUG    root            Loaded Command Group: ['gcloud', 'recaptcha']
2024-07-02 10:28:28,149 DEBUG    root            Loaded Command Group: ['gcloud', 'immersive_stream']
2024-07-02 10:28:28,204 DEBUG    root            No implementation for release track [GA] for element: [/mnt/c/Users/mirco/AppData/Local/Google/Cloud SDK/google-cloud-sdk/lib/surface/trace]
2024-07-02 10:28:28,239 DEBUG    root            Loaded Command Group: ['gcloud', 'network_services']
2024-07-02 10:28:28,330 DEBUG    root            Loaded Command Group: ['gcloud', 'ml_engine']
2024-07-02 10:28:28,419 DEBUG    root            Loaded Command Group: ['gcloud', 'domains']
2024-07-02 10:28:28,479 DEBUG    root            Loaded Command Group: ['gcloud', 'network_security']
2024-07-02 10:28:28,619 DEBUG    root            No implementation for release track [GA] for element: [/mnt/c/Users/mirco/AppData/Local/Google/Cloud SDK/google-cloud-sdk/lib/surface/mps]
2024-07-02 10:28:28,655 DEBUG    root            Loaded Command Group: ['gcloud', 'apphub']
2024-07-02 10:28:28,882 DEBUG    root            No implementation for release track [GA] for element: [/mnt/c/Users/mirco/AppData/Local/Google/Cloud SDK/google-cloud-sdk/lib/surface/code]
2024-07-02 10:28:28,918 DEBUG    root            Loaded Command Group: ['gcloud', 'iam']
2024-07-02 10:28:29,028 DEBUG    root            Loaded Command Group: ['gcloud', 'monitoring']
2024-07-02 10:28:29,121 DEBUG    root            Loaded Command Group: ['gcloud', 'database_migration']
2024-07-02 10:28:29,197 DEBUG    root            Loaded Command Group: ['gcloud', 'services']
2024-07-02 10:28:29,303 DEBUG    root            Loaded Command Group: ['gcloud', 'scheduler']
2024-07-02 10:28:29,365 DEBUG    root            Loaded Command Group: ['gcloud', 'essential_contacts']
2024-07-02 10:28:29,434 DEBUG    root            No implementation for release track [GA] for element: [/mnt/c/Users/mirco/AppData/Local/Google/Cloud SDK/google-cloud-sdk/lib/surface/spectrum_access]
2024-07-02 10:28:29,435 DEBUG    root            Chosen display Format:table[no-heading,margin=6,width=80]([0]:label='':align=left:width=22,[1]:label='':align=left:wrap)
2024-07-02 10:28:32,267 DEBUG    root            Chosen display Format:table[no-heading,margin=6,width=80]([0]:label='':align=left:width=22,[1]:label='':align=left:wrap)
2024-07-02 10:28:32,268 DEBUG    root            Chosen display Format:table[no-heading,margin=6,width=80]([0]:label='':align=left:width=22,[1]:label='':align=left:wrap)
2024-07-02 10:28:32,268 DEBUG    root            Chosen display Format:table[no-heading,margin=6,width=80]([0]:label='':align=left:width=22,[1]:label='':align=left:wrap)
2024-07-02 10:28:32,269 DEBUG    root            Chosen display Format:table[no-heading,margin=6,width=80]([0]:label='':align=left:width=22,[1]:label='':align=left:wrap)
2024-07-02 10:28:32,269 DEBUG    root            Chosen display Format:table[no-heading,margin=6,width=80]([0]:label='':align=left:width=22,[1]:label='':align=left:wrap)
2024-07-02 10:28:32,270 DEBUG    root            Chosen display Format:table[no-heading,margin=6,width=80]([0]:label='':align=left:width=22,[1]:label='':align=left:wrap)
2024-07-02 10:28:32,271 DEBUG    root            Chosen display Format:table[no-heading,margin=6,width=80]([0]:label='':align=left:width=22,[1]:label='':align=left:wrap)
2024-07-02 10:28:32,272 DEBUG    root            Chosen display Format:table[no-heading,margin=6,width=80]([0]:label='':align=left:width=22,[1]:label='':align=left:wrap)
2024-07-02 10:28:32,273 DEBUG    root            Chosen display Format:table[no-heading,margin=6,width=80]([0]:label='':align=left:width=22,[1]:label='':align=left:wrap)
2024-07-02 10:28:32,274 DEBUG    root            Chosen display Format:table[no-heading,margin=6,width=80]([0]:label='':align=left:width=22,[1]:label='':align=left:wrap)
2024-07-02 10:28:32,276 DEBUG    root            Chosen display Format:table[no-heading,margin=6,width=80]([0]:label='':align=left:width=22,[1]:label='':align=left:wrap)
2024-07-02 10:28:32,277 DEBUG    root            Chosen display Format:table[no-heading,margin=6,width=80]([0]:label='':align=left:width=22,[1]:label='':align=left:wrap)
2024-07-02 10:28:32,278 DEBUG    root            Chosen display Format:table[no-heading,margin=6,width=80]([0]:label='':align=left:width=22,[1]:label='':align=left:wrap)
2024-07-02 10:28:32,278 DEBUG    root            Chosen display Format:table[no-heading,margin=6,width=80]([0]:label='':align=left:width=22,[1]:label='':align=left:wrap)
2024-07-02 10:28:32,278 DEBUG    root            Chosen display Format:table[no-heading,margin=6,width=80]([0]:label='':align=left:width=22,[1]:label='':align=left:wrap)
2024-07-02 10:28:32,280 DEBUG    root            Chosen display Format:table[no-heading,margin=6,width=80]([0]:label='':align=left:width=22,[1]:label='':align=left:wrap)
2024-07-02 10:28:32,281 DEBUG    root            Chosen display Format:table[no-heading,margin=6,width=80]([0]:label='':align=left:width=22,[1]:label='':align=left:wrap)
2024-07-02 10:28:32,282 DEBUG    root            Chosen display Format:table[no-heading,margin=6,width=80]([0]:label='':align=left:width=22,[1]:label='':align=left:wrap)
2024-07-02 10:28:32,282 DEBUG    root            Chosen display Format:table[no-heading,margin=6,width=80]([0]:label='':align=left:width=22,[1]:label='':align=left:wrap)
2024-07-02 10:28:32,283 DEBUG    root            Chosen display Format:table[no-heading,margin=6,width=80]([0]:label='':align=left:width=22,[1]:label='':align=left:wrap)
2024-07-02 10:28:32,283 DEBUG    root            Chosen display Format:table[no-heading,margin=6,width=80]([0]:label='':align=left:width=22,[1]:label='':align=left:wrap)
2024-07-02 10:28:32,284 DEBUG    root            Chosen display Format:table[no-heading,margin=6,width=80]([0]:label='':align=left:width=22,[1]:label='':align=left:wrap)
2024-07-02 10:28:32,284 DEBUG    root            Chosen display Format:table[no-heading,margin=6,width=80]([0]:label='':align=left:width=22,[1]:label='':align=left:wrap)
2024-07-02 10:28:32,285 DEBUG    root            Chosen display Format:table[no-heading,margin=6,width=80]([0]:label='':align=left:width=22,[1]:label='':align=left:wrap)
2024-07-02 10:28:32,285 DEBUG    root            Chosen display Format:table[no-heading,margin=6,width=80]([0]:label='':align=left:width=22,[1]:label='':align=left:wrap)
