2024-07-02 10:34:23,137 DEBUG    root            Loaded Command Group: ['gcloud', 'workstations']
2024-07-02 10:34:23,305 DEBUG    root            No implementation for release track [GA] for element: [/mnt/c/Users/mirco/AppData/Local/Google/Cloud SDK/google-cloud-sdk/lib/surface/stacks]
2024-07-02 10:34:23,316 DEBUG    root            Loaded Command Group: ['gcloud', 'active_directory']
2024-07-02 10:34:23,359 DEBUG    root            No implementation for release track [GA] for element: [/mnt/c/Users/mirco/AppData/Local/Google/Cloud SDK/google-cloud-sdk/lib/surface/data_fusion]
2024-07-02 10:34:23,370 DEBUG    root            Loaded Command Group: ['gcloud', 'dns']
2024-07-02 10:34:23,440 DEBUG    root            Loaded Command Group: ['gcloud', 'identity']
2024-07-02 10:34:23,470 DEBUG    root            Loaded Command Group: ['gcloud', 'redis']
2024-07-02 10:34:23,522 DEBUG    root            Loaded Command Group: ['gcloud', 'workspace_add_ons']
2024-07-02 10:34:23,554 DEBUG    root            Loaded Command Group: ['gcloud', 'access_context_manager']
2024-07-02 10:34:23,613 DEBUG    root            Loaded Command Group: ['gcloud', 'logging']
2024-07-02 10:34:23,728 DEBUG    root            Loaded Command Group: ['gcloud', 'network_connectivity']
2024-07-02 10:34:23,809 DEBUG    root            Loaded Command Group: ['gcloud', 'run']
2024-07-02 10:34:23,902 DEBUG    root            No implementation for release track [GA] for element: [/mnt/c/Users/mirco/AppData/Local/Google/Cloud SDK/google-cloud-sdk/lib/surface/blockchain_node_engine]
2024-07-02 10:34:23,922 DEBUG    root            No implementation for release track [GA] for element: [/mnt/c/Users/mirco/AppData/Local/Google/Cloud SDK/google-cloud-sdk/lib/surface/managed_flink]
2024-07-02 10:34:23,933 DEBUG    root            Loaded Command Group: ['gcloud', 'dataplex']
2024-07-02 10:34:24,080 DEBUG    root            No implementation for release track [GA] for element: [/mnt/c/Users/mirco/AppData/Local/Google/Cloud SDK/google-cloud-sdk/lib/surface/commerce_procurement]
2024-07-02 10:34:24,091 DEBUG    root            Loaded Command Group: ['gcloud', 'workbench']
2024-07-02 10:34:24,127 DEBUG    root            Loaded Command Group: ['gcloud', 'looker']
2024-07-02 10:34:24,186 DEBUG    root            No implementation for release track [GA] for element: [/mnt/c/Users/mirco/AppData/Local/Google/Cloud SDK/google-cloud-sdk/lib/surface/source_manager]
2024-07-02 10:34:24,197 DEBUG    root            Loaded Command Group: ['gcloud', 'ai']
2024-07-02 10:34:24,317 DEBUG    root            No implementation for release track [GA] for element: [/mnt/c/Users/mirco/AppData/Local/Google/Cloud SDK/google-cloud-sdk/lib/surface/kuberun]
2024-07-02 10:34:24,327 DEBUG    root            Loaded Command Group: ['gcloud', 'vmware']
2024-07-02 10:34:24,419 DEBUG    root            No implementation for release track [GA] for element: [/mnt/c/Users/mirco/AppData/Local/Google/Cloud SDK/google-cloud-sdk/lib/surface/beyondcorp]
2024-07-02 10:34:24,430 DEBUG    root            Loaded Command Group: ['gcloud', 'iap']
2024-07-02 10:34:24,489 DEBUG    root            Loaded Command Group: ['gcloud', 'anthos']
2024-07-02 10:34:24,544 DEBUG    root            Loaded Command Group: ['gcloud', 'ids']
2024-07-02 10:34:24,585 DEBUG    root            No implementation for release track [GA] for element: [/mnt/c/Users/mirco/AppData/Local/Google/Cloud SDK/google-cloud-sdk/lib/surface/managed_kafka]
2024-07-02 10:34:24,596 DEBUG    root            Loaded Command Group: ['gcloud', 'apphub']
2024-07-02 10:34:24,661 DEBUG    root            Loaded Command Group: ['gcloud', 'publicca']
2024-07-02 10:34:24,695 DEBUG    root            No implementation for release track [GA] for element: [/mnt/c/Users/mirco/AppData/Local/Google/Cloud SDK/google-cloud-sdk/lib/surface/media]
2024-07-02 10:34:24,708 DEBUG    root            Loaded Command Group: ['gcloud', 'org_policies']
2024-07-02 10:34:24,763 DEBUG    root            Loaded Command Group: ['gcloud', 'filestore']
2024-07-02 10:34:24,841 DEBUG    root            Loaded Command Group: ['gcloud', 'infra_manager']
2024-07-02 10:34:24,902 DEBUG    root            Loaded Command Group: ['gcloud', 'immersive_stream']
2024-07-02 10:34:24,937 DEBUG    root            No implementation for release track [GA] for element: [/mnt/c/Users/mirco/AppData/Local/Google/Cloud SDK/google-cloud-sdk/lib/surface/parallelstore]
2024-07-02 10:34:24,949 DEBUG    root            Loaded Command Group: ['gcloud', 'policy_intelligence']
2024-07-02 10:34:25,011 DEBUG    root            Loaded Command Group: ['gcloud', 'dataproc']
2024-07-02 10:34:25,152 DEBUG    root            Loaded Command Group: ['gcloud', 'cloud_shell']
2024-07-02 10:34:25,191 DEBUG    root            Loaded Command Group: ['gcloud', 'dataflow']
2024-07-02 10:34:25,284 DEBUG    root            No implementation for release track [GA] for element: [/mnt/c/Users/mirco/AppData/Local/Google/Cloud SDK/google-cloud-sdk/lib/surface/lifesciences]
2024-07-02 10:34:25,712 DEBUG    root            No implementation for release track [GA] for element: [/mnt/c/Users/mirco/AppData/Local/Google/Cloud SDK/google-cloud-sdk/lib/surface/mps]
2024-07-02 10:34:25,722 DEBUG    root            No implementation for release track [GA] for element: [/mnt/c/Users/mirco/AppData/Local/Google/Cloud SDK/google-cloud-sdk/lib/surface/remote_build_execution]
2024-07-02 10:34:25,733 DEBUG    root            Loaded Command Group: ['gcloud', 'cheat_sheet']
2024-07-02 10:34:25,947 DEBUG    root            Loaded Command Group: ['gcloud', 'storage']
2024-07-02 10:34:26,062 DEBUG    root            Loaded Command Group: ['gcloud', 'auth']
2024-07-02 10:34:26,148 DEBUG    root            Loaded Command Group: ['gcloud', 'monitoring']
2024-07-02 10:34:26,223 DEBUG    root            Loaded Command Group: ['gcloud', 'version']
2024-07-02 10:34:26,235 DEBUG    root            No implementation for release track [GA] for element: [/mnt/c/Users/mirco/AppData/Local/Google/Cloud SDK/google-cloud-sdk/lib/surface/cbrs_spectrum_access]
2024-07-02 10:34:26,245 DEBUG    root            No implementation for release track [GA] for element: [/mnt/c/Users/mirco/AppData/Local/Google/Cloud SDK/google-cloud-sdk/lib/surface/bq]
2024-07-02 10:34:26,256 DEBUG    root            Loaded Command Group: ['gcloud', 'service_directory']
2024-07-02 10:34:26,325 DEBUG    root            Loaded Command Group: ['gcloud', 'memcache']
2024-07-02 10:34:28,175 DEBUG    root            No implementation for release track [GA] for element: [/mnt/c/Users/mirco/AppData/Local/Google/Cloud SDK/google-cloud-sdk/lib/surface/interactive]
2024-07-02 10:34:28,185 DEBUG    root            Loaded Command Group: ['gcloud', 'firestore']
2024-07-02 10:34:28,249 DEBUG    root            Loaded Command Group: ['gcloud', 'service_extensions']
2024-07-02 10:34:28,311 DEBUG    root            Loaded Command Group: ['gcloud', 'sql']
2024-07-02 10:34:28,418 DEBUG    root            Loaded Command Group: ['gcloud', 'assured']
2024-07-02 10:34:28,457 DEBUG    root            Loaded Command Group: ['gcloud', 'authz_toolkit']
2024-07-02 10:34:28,493 DEBUG    root            Loaded Command Group: ['gcloud', 'policy_troubleshoot']
2024-07-02 10:34:28,521 DEBUG    root            No implementation for release track [GA] for element: [/mnt/c/Users/mirco/AppData/Local/Google/Cloud SDK/google-cloud-sdk/lib/surface/audit_manager]
2024-07-02 10:34:28,532 DEBUG    root            No implementation for release track [GA] for element: [/mnt/c/Users/mirco/AppData/Local/Google/Cloud SDK/google-cloud-sdk/lib/surface/terraform]
2024-07-02 10:34:28,542 DEBUG    root            Loaded Command Group: ['gcloud', 'transfer']
2024-07-02 10:34:28,599 DEBUG    root            No implementation for release track [GA] for element: [/mnt/c/Users/mirco/AppData/Local/Google/Cloud SDK/google-cloud-sdk/lib/surface/datapipelines]
2024-07-02 10:34:28,610 DEBUG    root            Loaded Command Group: ['gcloud', 'config']
2024-07-02 10:34:28,662 DEBUG    root            Loaded Command Group: ['gcloud', 'services']
2024-07-02 10:34:28,746 DEBUG    root            Loaded Command Group: ['gcloud', 'datastream']
2024-07-02 10:34:28,817 DEBUG    root            No implementation for release track [GA] for element: [/mnt/c/Users/mirco/AppData/Local/Google/Cloud SDK/google-cloud-sdk/lib/surface/number_registry]
2024-07-02 10:34:28,827 DEBUG    root            Loaded Command Group: ['gcloud', 'network_management']
2024-07-02 10:34:28,870 DEBUG    root            Loaded Command Group: ['gcloud', 'projects']
2024-07-02 10:34:29,852 DEBUG    root            Loaded Command Group: ['gcloud', 'compute']
2024-07-02 10:34:30,328 DEBUG    root            No implementation for release track [GA] for element: [/mnt/c/Users/mirco/AppData/Local/Google/Cloud SDK/google-cloud-sdk/lib/surface/pam]
2024-07-02 10:34:30,339 DEBUG    root            Loaded Command Group: ['gcloud', 'topic']
2024-07-02 10:34:30,413 DEBUG    root            No implementation for release track [GA] for element: [/mnt/c/Users/mirco/AppData/Local/Google/Cloud SDK/google-cloud-sdk/lib/surface/dlp]
2024-07-02 10:34:30,423 DEBUG    root            Loaded Command Group: ['gcloud', 'resource_settings']
2024-07-02 10:34:30,460 DEBUG    root            No implementation for release track [GA] for element: [/mnt/c/Users/mirco/AppData/Local/Google/Cloud SDK/google-cloud-sdk/lib/surface/trace]
2024-07-02 10:34:30,470 DEBUG    root            No implementation for release track [GA] for element: [/mnt/c/Users/mirco/AppData/Local/Google/Cloud SDK/google-cloud-sdk/lib/surface/error_reporting]
2024-07-02 10:34:30,480 DEBUG    root            No implementation for release track [GA] for element: [/mnt/c/Users/mirco/AppData/Local/Google/Cloud SDK/google-cloud-sdk/lib/surface/migration]
2024-07-02 10:34:30,489 DEBUG    root            Loaded Command Group: ['gcloud', 'iam']
2024-07-02 10:34:30,951 DEBUG    root            Loaded Command Group: ['gcloud', 'ml_engine']
2024-07-02 10:34:31,033 DEBUG    root            Loaded Command Group: ['gcloud', 'api_gateway']
2024-07-02 10:34:31,080 DEBUG    root            No implementation for release track [GA] for element: [/mnt/c/Users/mirco/AppData/Local/Google/Cloud SDK/google-cloud-sdk/lib/surface/spectrum_access]
2024-07-02 10:34:31,213 DEBUG    root            Loaded Command Group: ['gcloud', 'survey']
2024-07-02 10:34:31,223 DEBUG    root            Loaded Command Group: ['gcloud', 'network_services']
2024-07-02 10:34:31,820 DEBUG    root            Loaded Command Group: ['gcloud', 'builds']
2024-07-02 10:34:31,919 DEBUG    root            No implementation for release track [GA] for element: [/mnt/c/Users/mirco/AppData/Local/Google/Cloud SDK/google-cloud-sdk/lib/surface/fault_injection]
2024-07-02 10:34:31,929 DEBUG    root            Loaded Command Group: ['gcloud', 'recommender']
2024-07-02 10:34:32,008 DEBUG    root            Loaded Command Group: ['gcloud', 'artifacts']
2024-07-02 10:34:32,158 DEBUG    root            Loaded Command Group: ['gcloud', 'scheduler']
2024-07-02 10:34:32,201 DEBUG    root            No implementation for release track [GA] for element: [/mnt/c/Users/mirco/AppData/Local/Google/Cloud SDK/google-cloud-sdk/lib/surface/orglifecycle]
2024-07-02 10:34:32,213 DEBUG    root            No implementation for release track [GA] for element: [/mnt/c/Users/mirco/AppData/Local/Google/Cloud SDK/google-cloud-sdk/lib/surface/seclm]
2024-07-02 10:34:32,224 DEBUG    root            Loaded Command Group: ['gcloud', 'data_catalog']
2024-07-02 10:34:32,302 DEBUG    root            Loaded Command Group: ['gcloud', 'emulators']
2024-07-02 10:34:32,361 DEBUG    root            Loaded Command Group: ['gcloud', 'ai_platform']
2024-07-02 10:34:32,606 DEBUG    root            Loaded Command Group: ['gcloud', 'info']
2024-07-02 10:34:32,618 DEBUG    root            Loaded Command Group: ['gcloud', 'spanner']
2024-07-02 10:34:32,710 DEBUG    root            Loaded Command Group: ['gcloud', 'workflows']
2024-07-02 10:34:32,753 DEBUG    root            No implementation for release track [GA] for element: [/mnt/c/Users/mirco/AppData/Local/Google/Cloud SDK/google-cloud-sdk/lib/surface/web_security_scanner]
2024-07-02 10:34:32,761 DEBUG    root            Loaded Command Group: ['gcloud', 'backup_dr']
2024-07-02 10:34:32,827 DEBUG    root            Loaded Command Group: ['gcloud', 'batch']
2024-07-02 10:34:32,865 DEBUG    root            Loaded Command Group: ['gcloud', 'alloydb']
2024-07-02 10:34:32,916 DEBUG    root            Loaded Command Group: ['gcloud', 'organizations']
2024-07-02 10:34:32,953 DEBUG    root            Loaded Command Group: ['gcloud', 'deploy']
2024-07-02 10:34:33,033 DEBUG    root            Loaded Command Group: ['gcloud', 'datastore']
2024-07-02 10:34:33,071 DEBUG    root            Loaded Command Group: ['gcloud', 'asset']
2024-07-02 10:34:33,148 DEBUG    root            Loaded Command Group: ['gcloud', 'unlock']
2024-07-02 10:34:33,157 DEBUG    root            Loaded Command Group: ['gcloud', 'ml']
2024-07-02 10:34:33,207 DEBUG    root            Loaded Command Group: ['gcloud', 'secrets']
2024-07-02 10:34:33,299 DEBUG    root            Loaded Command Group: ['gcloud', 'recaptcha']
2024-07-02 10:34:33,339 DEBUG    root            Loaded Command Group: ['gcloud', 'access_approval']
2024-07-02 10:34:33,382 DEBUG    root            Loaded Command Group: ['gcloud', 'pubsub']
2024-07-02 10:34:33,482 DEBUG    root            Loaded Command Group: ['gcloud', 'docker']
2024-07-02 10:34:33,493 DEBUG    root            No implementation for release track [GA] for element: [/mnt/c/Users/mirco/AppData/Local/Google/Cloud SDK/google-cloud-sdk/lib/surface/microservices]
2024-07-02 10:34:33,503 DEBUG    root            Loaded Command Group: ['gcloud', 'telco_automation']
2024-07-02 10:34:33,538 DEBUG    root            Loaded Command Group: ['gcloud', 'edge_cache']
2024-07-02 10:34:33,673 DEBUG    root            Loaded Command Group: ['gcloud', 'functions']
2024-07-02 10:34:33,757 DEBUG    root            Loaded Command Group: ['gcloud', 'privateca']
2024-07-02 10:34:33,817 DEBUG    root            No implementation for release track [GA] for element: [/mnt/c/Users/mirco/AppData/Local/Google/Cloud SDK/google-cloud-sdk/lib/surface/resource_config]
2024-07-02 10:34:33,913 DEBUG    root            Loaded Command Group: ['gcloud', 'help']
2024-07-02 10:34:33,925 DEBUG    root            Loaded Command Group: ['gcloud', 'firebase']
2024-07-02 10:34:33,955 DEBUG    root            Loaded Command Group: ['gcloud', 'network_security']
2024-07-02 10:34:34,075 DEBUG    root            No implementation for release track [GA] for element: [/mnt/c/Users/mirco/AppData/Local/Google/Cloud SDK/google-cloud-sdk/lib/surface/developer_connect]
2024-07-02 10:34:34,085 DEBUG    root            Loaded Command Group: ['gcloud', 'meta']
2024-07-02 10:34:34,182 DEBUG    root            Loaded Command Group: ['gcloud', 'billing']
2024-07-02 10:34:34,224 DEBUG    root            No implementation for release track [GA] for element: [/mnt/c/Users/mirco/AppData/Local/Google/Cloud SDK/google-cloud-sdk/lib/surface/blockchain_validator]
2024-07-02 10:34:34,235 DEBUG    root            Loaded Command Group: ['gcloud', 'app']
2024-07-02 10:34:34,345 DEBUG    root            No implementation for release track [GA] for element: [/mnt/c/Users/mirco/AppData/Local/Google/Cloud SDK/google-cloud-sdk/lib/surface/dialogflow]
2024-07-02 10:34:34,354 DEBUG    root            Loaded Command Group: ['gcloud', 'domains']
2024-07-02 10:34:34,390 DEBUG    root            No implementation for release track [GA] for element: [/mnt/c/Users/mirco/AppData/Local/Google/Cloud SDK/google-cloud-sdk/lib/surface/dataproc_gdc]
2024-07-02 10:34:34,400 DEBUG    root            Loaded Command Group: ['gcloud', 'metastore']
2024-07-02 10:34:34,446 DEBUG    root            Loaded Command Group: ['gcloud', 'netapp']
2024-07-02 10:34:34,535 DEBUG    root            No implementation for release track [GA] for element: [/mnt/c/Users/mirco/AppData/Local/Google/Cloud SDK/google-cloud-sdk/lib/surface/genomics]
2024-07-02 10:34:34,545 DEBUG    root            Loaded Command Group: ['gcloud', 'endpoints']
2024-07-02 10:34:34,592 DEBUG    root            Loaded Command Group: ['gcloud', 'eventarc']
2024-07-02 10:34:34,664 DEBUG    root            Loaded Command Group: ['gcloud', 'apigee']
2024-07-02 10:34:34,741 DEBUG    root            Loaded Command Group: ['gcloud', 'components']
2024-07-02 10:34:34,793 DEBUG    root            Loaded Command Group: ['gcloud', 'notebooks']
2024-07-02 10:34:34,842 DEBUG    root            Loaded Command Group: ['gcloud', 'edge_cloud']
2024-07-02 10:34:34,880 DEBUG    root            Loaded Command Group: ['gcloud', 'composer']
2024-07-02 10:34:34,917 DEBUG    root            Loaded Command Group: ['gcloud', 'scc']
2024-07-02 10:34:35,036 DEBUG    root            Loaded Command Group: ['gcloud', 'bms']
2024-07-02 10:34:35,115 DEBUG    root            Loaded Command Group: ['gcloud', 'tasks']
2024-07-02 10:34:35,205 DEBUG    root            Loaded Command Group: ['gcloud', 'healthcare']
2024-07-02 10:34:35,303 DEBUG    root            Loaded Command Group: ['gcloud', 'init']
2024-07-02 10:34:35,315 DEBUG    root            Loaded Command Group: ['gcloud', 'kms']
2024-07-02 10:34:35,410 DEBUG    root            Loaded Command Group: ['gcloud', 'source']
2024-07-02 10:34:35,445 DEBUG    root            Loaded Command Group: ['gcloud', 'database_migration']
2024-07-02 10:34:35,498 DEBUG    root            Loaded Command Group: ['gcloud', 'resource_manager']
2024-07-02 10:34:35,551 DEBUG    root            Loaded Command Group: ['gcloud', 'essential_contacts']
2024-07-02 10:34:35,635 DEBUG    root            No implementation for release track [GA] for element: [/mnt/c/Users/mirco/AppData/Local/Google/Cloud SDK/google-cloud-sdk/lib/surface/runtime_config]
2024-07-02 10:34:35,644 DEBUG    root            No implementation for release track [GA] for element: [/mnt/c/Users/mirco/AppData/Local/Google/Cloud SDK/google-cloud-sdk/lib/surface/quotas]
2024-07-02 10:34:35,654 DEBUG    root            Loaded Command Group: ['gcloud', 'transcoder']
2024-07-02 10:34:35,704 DEBUG    root            Loaded Command Group: ['gcloud', 'feedback']
2024-07-02 10:34:35,714 DEBUG    root            Loaded Command Group: ['gcloud', 'deployment_manager']
2024-07-02 10:34:35,834 DEBUG    root            No implementation for release track [GA] for element: [/mnt/c/Users/mirco/AppData/Local/Google/Cloud SDK/google-cloud-sdk/lib/surface/code]
2024-07-02 10:34:35,843 DEBUG    root            Loaded Command Group: ['gcloud', 'certificate_manager']
2024-07-02 10:34:35,894 ERROR    root            (gcloud) Invalid choice: 'secretmanager'.
